<?xml version="1.0" encoding="UTF-8"?>
<testng-results ignored="0" total="1" passed="1" failed="0" skipped="0">
  <reporter-output>
  </reporter-output>
  <suite started-at="2024-03-11T17:46:38 IST" name="Default suite" finished-at="2024-03-11T17:47:08 IST" duration-ms="29561">
    <groups>
    </groups>
    <test started-at="2024-03-11T17:46:38 IST" name="Default test" finished-at="2024-03-11T17:47:08 IST" duration-ms="29561">
      <class name="com.trello.testscript.CreateAndDeleteBoard">
        <test-method is-config="true" signature="executeBeforeClass()[pri:0, instance:com.trello.testscript.CreateAndDeleteBoard@42a48628]" started-at="2024-03-11T17:46:38 IST" name="executeBeforeClass" finished-at="2024-03-11T17:46:48 IST" duration-ms="10445" status="PASS">
          <reporter-output>
          </reporter-output>
        </test-method> <!-- executeBeforeClass -->
        <test-method signature="OneEndToEndUponTrello()[pri:0, instance:com.trello.testscript.CreateAndDeleteBoard@42a48628]" started-at="2024-03-11T17:46:48 IST" name="OneEndToEndUponTrello" finished-at="2024-03-11T17:47:07 IST" duration-ms="18207" status="PASS">
          <reporter-output>
          </reporter-output>
        </test-method> <!-- OneEndToEndUponTrello -->
        <test-method is-config="true" signature="executeAfterClass()[pri:0, instance:com.trello.testscript.CreateAndDeleteBoard@42a48628]" started-at="2024-03-11T17:47:07 IST" name="executeAfterClass" finished-at="2024-03-11T17:47:08 IST" duration-ms="849" status="PASS">
          <reporter-output>
          </reporter-output>
        </test-method> <!-- executeAfterClass -->
      </class> <!-- com.trello.testscript.CreateAndDeleteBoard -->
    </test> <!-- Default test -->
  </suite> <!-- Default suite -->
</testng-results>
